Arguments: 
  /Users/shigeyuki_yunoki/.nvm/versions/node/v16.16.0/bin/node /usr/local/Cellar/yarn/1.22.10/libexec/bin/yarn.js install

PATH: 
  /Users/shigeyuki_yunoki/.nvm/versions/node/v16.16.0/bin:/Users/shigeyuki_yunoki/Library/Android/sdk/emulator:/Users/shigeyuki_yunoki/Library/Android/sdk/platform-tools:/Users/shigeyuki_yunoki/.pyenv/bin:/Users/shigeyuki_yunoki/.pyenv/bin:/Users/shigeyuki_yunoki/.anyenv/envs/nodenv/shims:/Users/shigeyuki_yunoki/.anyenv/envs/nodenv/bin:/Users/shigeyuki_yunoki/.anyenv/bin:/Users/shigeyuki_yunoki/.rbenv/shims:/usr/local/bin:/usr/bin:/bin:/usr/sbin:/sbin:/Library/Apple/usr/bin:/Users/shigeyuki_yunoki/Library/Android/sdk/platform-tools

Yarn version: 
  1.22.10

Node version: 
  16.16.0

Platform: 
  darwin x64

Trace: 
  SyntaxError: /Users/shigeyuki_yunoki/UcmsAppRNExpo/package.json: Unexpected token < in JSON at position 945
      at JSON.parse (<anonymous>)
      at /usr/local/Cellar/yarn/1.22.10/libexec/lib/cli.js:1625:59
      at Generator.next (<anonymous>)
      at step (/usr/local/Cellar/yarn/1.22.10/libexec/lib/cli.js:310:30)
      at /usr/local/Cellar/yarn/1.22.10/libexec/lib/cli.js:321:13

npm manifest: 
  {
    "name": "ucmsapprnexpo",
    "version": "1.0.0",
    "main": "node_modules/expo/AppEntry.js",
    "scripts": {
      "start": "expo start",
      "android": "expo start --android",
      "ios": "expo start --ios",
      "web": "expo start --web",
      "eject": "expo eject"
    },
    "dependencies": {
      "@react-native-async-storage/async-storage": "~1.15.0",
      "@react-native-community/datetimepicker": "4.0.0",
      "@react-native-firebase/app": "^14.5.1",
      "@react-native-firebase/firestore": "^14.5.1",
      "@react-native-twitter-signin/twitter-signin": "^1.2.0",
      "@react-navigation/bottom-tabs": "^6.2.0",
      "@react-navigation/drawer": "^6.4.1",
      "@react-navigation/native": "^6.0.8",
      "@react-navigation/native-stack": "^6.5.0",
      "@rneui/base": "^4.0.0-rc.3",
      "@rneui/themed": "^4.0.0-rc.3",
      "@sentry/react-native": "^3.4.2",
      "axios": "^0.26.0",
      "date-fns": "^2.28.0",
      "dayjs": "^1.11.0",
      "expo": "~44.0.0",
  <<<<<<< HEAD
  <<<<<<< Updated upstream
  =======
      "expo-application": "~4.0.1",
      "expo-constants": "~13.0.1",
      "expo-device": "~4.1.0",
      "expo-file-system": "~13.1.4",
      "expo-notifications": "~0.14.0",
      "expo-sqlite": "~10.1.0",
  >>>>>>> Stashed changes
  =======
      "expo-application": "~4.0.1",
      "expo-constants": "~13.0.1",
      "expo-device": "~4.1.0",
      "expo-notifications": "~0.14.0",
  >>>>>>> 82c31361c1c9c1e9093855aaf8951270baa9b662
      "expo-status-bar": "~1.2.0",
      "expo-updates": "~0.11.7",
      "firebase": "9.6.7",
      "react": "^17.0.2",
      "react-dom": "^17.0.2",
      "react-native": "0.64.3",
      "react-native-calendars": "^1.1278.0",
      "react-native-device-info": "^9.0.2",
      "react-native-dialog": "^9.2.1",
      "react-native-dotenv": "^3.3.1",
      "react-native-gesture-handler": "~2.1.0",
      "react-native-get-random-values": "~1.7.0",
      "react-native-modal-datetime-picker": "^13.1.2",
      "react-native-reanimated": "~2.3.1",
      "react-native-safe-area-context": "3.3.2",
      "react-native-screens": "~3.10.1",
      "react-native-simple-twitter": "^3.0.6",
      "react-native-social-share": "^1.6.5",
      "react-native-vector-icons": "^9.1.0",
      "react-native-web": "0.17.1",
      "sentry-expo": "^4.0.0",
      "strftime": "^0.10.1",
      "sweetalert2": "^11.4.10",
      "sweetalert2-react-content": "^5.0.0",
      "uuid": "^3.4.0"
    },
    "devDependencies": {
      "@babel/core": "^7.12.9",
      "@types/jest": "^27.4.1",
      "@types/react": "^17.0.39",
      "@types/react-native": "^0.66.16",
      "@types/react-native-get-random-values": "^1.8.0",
      "@types/react-test-renderer": "^17.0.1",
      "@types/strftime": "^0.9.4",
      "typescript": "^4.5.5"
    },
    "$comment": [
      "react,react-domを18にし、yarn_lock,node_modulesを削除し、yarn installすると、",
      "Invariant Violation: No callback found with cbID 1803 and callID 901 for  AlertManager.",
      "alertWithArgs - most likely the callback was already invoked.",
      "上記エラーが消えて、フリーズしなくなる"
    ],
    "private": true
  }

yarn manifest: 
  No manifest

Lockfile: 
  No lockfile
